# JRE version: Java(TM) SE Runtime Environment 18.9 (11.0.15+8) (build 11.0.15+8-LTS-149)
# Java VM: Java HotSpot(TM) 64-Bit Server VM 18.9 (11.0.15+8-LTS-149, mixed mode, tiered, compressed oops, g1 gc, windows-amd64)
Heap:
 garbage-first heap   total 48128K, used 38840K [0x00000000e0800000, 0x0000000100000000)
  region size 1024K, 2 young (2048K), 1 survivors (1024K)
 Metaspace       used 31977K, capacity 32867K, committed 33792K, reserved 1079296K
  class space    used 3603K, capacity 3966K, committed 4352K, reserved 1048576K
GC Heap History (10 events):
Event: 97.675 GC heap before
{Heap before GC invocations=45 (full 0):
 garbage-first heap   total 48128K, used 39679K [0x00000000e0800000, 0x0000000100000000)
  region size 1024K, 2 young (2048K), 1 survivors (1024K)
 Metaspace       used 32409K, capacity 33491K, committed 33664K, reserved 1079296K
  class space    used 3733K, capacity 4222K, committed 4224K, reserved 1048576K
}
Event: 97.686 GC heap after
{Heap after GC invocations=46 (full 0):
 garbage-first heap   total 48128K, used 38656K [0x00000000e0800000, 0x0000000100000000)
  region size 1024K, 1 young (1024K), 1 survivors (1024K)
 Metaspace       used 32409K, capacity 33491K, committed 33664K, reserved 1079296K
  class space    used 3733K, capacity 4222K, committed 4224K, reserved 1048576K
}
Event: 98.346 GC heap before
{Heap before GC invocations=47 (full 0):
 garbage-first heap   total 48128K, used 39680K [0x00000000e0800000, 0x0000000100000000)
  region size 1024K, 2 young (2048K), 1 survivors (1024K)
 Metaspace       used 32416K, capacity 33619K, committed 33664K, reserved 1079296K
  class space    used 3733K, capacity 4222K, committed 4224K, reserved 1048576K
}
Event: 98.350 GC heap after
{Heap after GC invocations=48 (full 0):
 garbage-first heap   total 48128K, used 38729K [0x00000000e0800000, 0x0000000100000000)
  region size 1024K, 1 young (1024K), 1 survivors (1024K)
 Metaspace       used 32416K, capacity 33619K, committed 33664K, reserved 1079296K
  class space    used 3733K, capacity 4222K, committed 4224K, reserved 1048576K
}
Event: 1947.067 GC heap before
{Heap before GC invocations=48 (full 0):
 garbage-first heap   total 48128K, used 39753K [0x00000000e0800000, 0x0000000100000000)
  region size 1024K, 2 young (2048K), 1 survivors (1024K)
 Metaspace       used 32438K, capacity 33631K, committed 33792K, reserved 1079296K
  class space    used 3737K, capacity 4226K, committed 4352K, reserved 1048576K
}
Event: 1947.086 GC heap after
{Heap after GC invocations=49 (full 0):
 garbage-first heap   total 48128K, used 38677K [0x00000000e0800000, 0x0000000100000000)
  region size 1024K, 1 young (1024K), 1 survivors (1024K)
 Metaspace       used 32438K, capacity 33631K, committed 33792K, reserved 1079296K
  class space    used 3737K, capacity 4226K, committed 4352K, reserved 1048576K
}
Event: 1947.496 GC heap before
{Heap before GC invocations=50 (full 0):
 garbage-first heap   total 48128K, used 39701K [0x00000000e0800000, 0x0000000100000000)
  region size 1024K, 2 young (2048K), 1 survivors (1024K)
 Metaspace       used 31945K, capacity 32867K, committed 33792K, reserved 1079296K
  class space    used 3603K, capacity 3966K, committed 4352K, reserved 1048576K
}
Event: 1947.505 GC heap after
{Heap after GC invocations=51 (full 0):
 garbage-first heap   total 48128K, used 38690K [0x00000000e0800000, 0x0000000100000000)
  region size 1024K, 1 young (1024K), 1 survivors (1024K)
 Metaspace       used 31945K, capacity 32867K, committed 33792K, reserved 1079296K
  class space    used 3603K, capacity 3966K, committed 4352K, reserved 1048576K
}
Event: 1970.551 GC heap before
{Heap before GC invocations=51 (full 0):
 garbage-first heap   total 48128K, used 39714K [0x00000000e0800000, 0x0000000100000000)
  region size 1024K, 2 young (2048K), 1 survivors (1024K)
 Metaspace       used 31957K, capacity 32867K, committed 33792K, reserved 1079296K
  class space    used 3603K, capacity 3966K, committed 4352K, reserved 1048576K
}
Event: 1970.559 GC heap after
{Heap after GC invocations=52 (full 0):
 garbage-first heap   total 48128K, used 38840K [0x00000000e0800000, 0x0000000100000000)
  region size 1024K, 1 young (1024K), 1 survivors (1024K)
 Metaspace       used 31957K, capacity 32867K, committed 33792K, reserved 1079296K
  class space    used 3603K, capacity 3966K, committed 4352K, reserved 1048576K
}

