# JRE version: Java(TM) SE Runtime Environment 18.9 (11.0.15+8) (build 11.0.15+8-LTS-149)
# Java VM: Java HotSpot(TM) 64-Bit Server VM 18.9 (11.0.15+8-LTS-149, mixed mode, tiered, compressed oops, g1 gc, windows-amd64)
Heap:
 garbage-first heap   total 49152K, used 27332K [0x00000000e0800000, 0x0000000100000000)
  region size 1024K, 9 young (9216K), 2 survivors (2048K)
 Metaspace       used 30323K, capacity 31373K, committed 31408K, reserved 1077248K
  class space    used 3614K, capacity 4081K, committed 4096K, reserved 1048576K
GC Heap History (10 events):
Event: 3.849 GC heap before
{Heap before GC invocations=7 (full 0):
 garbage-first heap   total 39936K, used 23052K [0x00000000e0800000, 0x0000000100000000)
  region size 1024K, 12 young (12288K), 2 survivors (2048K)
 Metaspace       used 18282K, capacity 18955K, committed 19072K, reserved 1067008K
  class space    used 2036K, capacity 2329K, committed 2432K, reserved 1048576K
}
Event: 3.862 GC heap after
{Heap after GC invocations=8 (full 0):
 garbage-first heap   total 39936K, used 13266K [0x00000000e0800000, 0x0000000100000000)
  region size 1024K, 2 young (2048K), 2 survivors (2048K)
 Metaspace       used 18282K, capacity 18955K, committed 19072K, reserved 1067008K
  class space    used 2036K, capacity 2329K, committed 2432K, reserved 1048576K
}
Event: 4.209 GC heap before
{Heap before GC invocations=8 (full 0):
 garbage-first heap   total 39936K, used 20434K [0x00000000e0800000, 0x0000000100000000)
  region size 1024K, 10 young (10240K), 2 survivors (2048K)
 Metaspace       used 20461K, capacity 21170K, committed 21296K, reserved 1069056K
  class space    used 2316K, capacity 2624K, committed 2688K, reserved 1048576K
}
Event: 4.231 GC heap after
{Heap after GC invocations=9 (full 0):
 garbage-first heap   total 39936K, used 13948K [0x00000000e0800000, 0x0000000100000000)
  region size 1024K, 2 young (2048K), 2 survivors (2048K)
 Metaspace       used 20461K, capacity 21170K, committed 21296K, reserved 1069056K
  class space    used 2316K, capacity 2624K, committed 2688K, reserved 1048576K
}
Event: 4.649 GC heap before
{Heap before GC invocations=10 (full 0):
 garbage-first heap   total 39936K, used 26236K [0x00000000e0800000, 0x0000000100000000)
  region size 1024K, 14 young (14336K), 2 survivors (2048K)
 Metaspace       used 23183K, capacity 23910K, committed 24240K, reserved 1071104K
  class space    used 2635K, capacity 2957K, committed 3072K, reserved 1048576K
}
Event: 4.670 GC heap after
{Heap after GC invocations=11 (full 0):
 garbage-first heap   total 49152K, used 14976K [0x00000000e0800000, 0x0000000100000000)
  region size 1024K, 2 young (2048K), 2 survivors (2048K)
 Metaspace       used 23183K, capacity 23910K, committed 24240K, reserved 1071104K
  class space    used 2635K, capacity 2957K, committed 3072K, reserved 1048576K
}
Event: 5.878 GC heap before
{Heap before GC invocations=11 (full 0):
 garbage-first heap   total 49152K, used 29312K [0x00000000e0800000, 0x0000000100000000)
  region size 1024K, 16 young (16384K), 2 survivors (2048K)
 Metaspace       used 26285K, capacity 27207K, committed 27568K, reserved 1073152K
  class space    used 3077K, capacity 3459K, committed 3584K, reserved 1048576K
}
Event: 5.887 GC heap after
{Heap after GC invocations=12 (full 0):
 garbage-first heap   total 49152K, used 15692K [0x00000000e0800000, 0x0000000100000000)
  region size 1024K, 1 young (1024K), 1 survivors (1024K)
 Metaspace       used 26285K, capacity 27207K, committed 27568K, reserved 1073152K
  class space    used 3077K, capacity 3459K, committed 3584K, reserved 1048576K
}
Event: 11.782 GC heap before
{Heap before GC invocations=12 (full 0):
 garbage-first heap   total 49152K, used 36172K [0x00000000e0800000, 0x0000000100000000)
  region size 1024K, 16 young (16384K), 1 survivors (1024K)
 Metaspace       used 28700K, capacity 29716K, committed 30000K, reserved 1075200K
  class space    used 3413K, capacity 3849K, committed 3968K, reserved 1048576K
}
Event: 11.788 GC heap after
{Heap after GC invocations=13 (full 0):
 garbage-first heap   total 49152K, used 21188K [0x00000000e0800000, 0x0000000100000000)
  region size 1024K, 2 young (2048K), 2 survivors (2048K)
 Metaspace       used 28700K, capacity 29716K, committed 30000K, reserved 1075200K
  class space    used 3413K, capacity 3849K, committed 3968K, reserved 1048576K
}

