<?xml version="1.0" encoding="UTF-8"?>
<!-- Generated by org.testng.reporters.JUnitXMLReporter -->
<testsuite ignored="4" hostname="ASK-PC" failures="0" tests="1" name="Default test" time="33.726" errors="0" timestamp="2022-07-10T13:08:30 IST">
  <testcase classname="com.crm.qa.testcases.HomePageTest" name="HomePageLogoValidation" time="2.386"/>
  <testcase classname="com.crm.qa.testcases.HomePageTest" name="validateClicksonContactPage" time="0.0">
    <ignored/>
  </testcase> <!-- validateClicksonContactPage -->
  <testcase classname="com.crm.qa.testcases.HomePageTest" name="HomePageLinkCountValidation" time="0.0">
    <ignored/>
  </testcase> <!-- HomePageLinkCountValidation -->
  <testcase classname="com.crm.qa.testcases.HomePageTest" name="HomePageTitleTest" time="0.0">
    <ignored/>
  </testcase> <!-- HomePageTitleTest -->
  <testcase classname="com.crm.qa.testcases.HomePageTest" name="HomePageTextValidation" time="0.0">
    <ignored/>
  </testcase> <!-- HomePageTextValidation -->
</testsuite> <!-- Default test -->
