<?xml version="1.0" encoding="UTF-8"?>
<!-- Generated by org.testng.reporters.JUnitXMLReporter -->
<testsuite ignored="0" hostname="ASK-PC" failures="0" tests="3" name="Default test" time="57.096" errors="0" timestamp="2022-07-28T22:48:26 IST">
  <testcase classname="com.crm.qa.testcases.passwordResetPageTest" name="validateForgetPageEmailadress" time="10.865"/>
  <testcase classname="com.crm.qa.testcases.passwordResetPageTest" name="validateForgetPageCurrentURL" time="11.387"/>
  <testcase classname="com.crm.qa.testcases.passwordResetPageTest" name="validateForgetPageHeader" time="9.92"/>
</testsuite> <!-- Default test -->
